<?xml version="1.0" encoding="UTF-8"?>
<testng-results ignored="0" total="1" passed="1" failed="0" skipped="0">
  <reporter-output>
  </reporter-output>
  <suite started-at="2024-01-24T08:10:11Z" name="Default suite" finished-at="2024-01-24T08:10:14Z" duration-ms="2822">
    <groups>
    </groups>
    <test started-at="2024-01-24T08:10:11Z" name="Default test" finished-at="2024-01-24T08:10:14Z" duration-ms="2822">
      <class name="com.Jenkins.implementation.gmail">
        <test-method signature="launch()[pri:0, instance:com.Jenkins.implementation.gmail@6057aebb]" started-at="2024-01-24T08:10:11Z" name="launch" finished-at="2024-01-24T08:10:14Z" duration-ms="2770" status="PASS">
          <reporter-output>
          </reporter-output>
        </test-method> <!-- launch -->
      </class> <!-- com.Jenkins.implementation.gmail -->
    </test> <!-- Default test -->
  </suite> <!-- Default suite -->
</testng-results>
